Build started 3/2/2015 8:57:54 PM.
     1>Project "C:\Users\johnathan.omalia\Desktop\GraphicsII-Projects22222\trunk\SkeletonProject\SkeletonProject.vcxproj" on node 2 (Build target(s)).
     1>ClCompile:
         C:\Program Files (x86)\Microsoft Visual Studio 12.0\VC\bin\CL.exe /c /Zi /nologo /W3 /WX- /O2 /Oy- /GL /D WIN32 /D NDEBUG /D _WINDOWS /D _MBCS /Gm- /EHsc /MD /GS /fp:precise /Zc:wchar_t /Zc:forScope /Fo"Release\\" /Fd"Release\vc120.pdb" /Gd /TP /analyze- /errorReport:prompt GfxStats.cpp
         GfxStats.cpp
     1>GfxStats.cpp(28): warning C4996: 'strcpy': This function or variable may be unsafe. Consider using strcpy_s instead. To disable deprecation, use _CRT_SECURE_NO_WARNINGS. See online help for details.
                 C:\Program Files (x86)\Microsoft Visual Studio 12.0\VC\include\string.h(112) : see declaration of 'strcpy'
     1>GfxStats.cpp(128): warning C4996: 'sprintf': This function or variable may be unsafe. Consider using sprintf_s instead. To disable deprecation, use _CRT_SECURE_NO_WARNINGS. See online help for details.
                 C:\Program Files (x86)\Microsoft Visual Studio 12.0\VC\include\stdio.h(356) : see declaration of 'sprintf'
       Link:
         C:\Program Files (x86)\Microsoft Visual Studio 12.0\VC\bin\link.exe /ERRORREPORT:PROMPT /OUT:"C:\Users\johnathan.omalia\Desktop\GraphicsII-Projects22222\trunk\SkeletonProject\Release\SkeletonProject.exe" /INCREMENTAL:NO /NOLOGO d3d9.lib d3dx9d.lib dxguid.lib DxErr.lib dinput8.lib kernel32.lib user32.lib gdi32.lib winspool.lib comdlg32.lib advapi32.lib shell32.lib ole32.lib oleaut32.lib uuid.lib odbc32.lib odbccp32.lib kernel32.lib user32.lib gdi32.lib winspool.lib comdlg32.lib advapi32.lib shell32.lib ole32.lib oleaut32.lib uuid.lib odbc32.lib odbccp32.lib /MANIFEST /MANIFESTUAC:"level='asInvoker' uiAccess='false'" /manifest:embed /DEBUG /PDB:"C:\Users\johnathan.omalia\Desktop\GraphicsII-Projects22222\trunk\SkeletonProject\Release\SkeletonProject.pdb" /SUBSYSTEM:WINDOWS /OPT:REF /OPT:ICF /LTCG /TLBID:1 /DYNAMICBASE /NXCOMPAT /IMPLIB:"C:\Users\johnathan.omalia\Desktop\GraphicsII-Projects22222\trunk\SkeletonProject\Release\SkeletonProject.lib" /MACHINE:X86 /SAFESEH Release\BaseObject3D.obj
         Release\ConeObject3D.obj
         Release\CuboidObject3D.obj
         Release\CylinderObject3D.obj
         Release\DoubleConeObject3D.obj
         Release\MeshObject3D.obj
         Release\PlainObject3D.obj
         Release\SimpleCubeObject3D.obj
         Release\TeapotObject3D.obj
         Release\TorusObject3D.obj
         Release\TubeObject3D.obj
         Release\UVSphereObject3D.obj
         Release\Vertex.obj
         Release\d3dApp.obj
         Release\DirectInput.obj
         Release\GfxStats.obj
         Release\BaseMaterial.obj
         Release\Scene.obj
         Release\CameraSceneNode.obj
         Release\LightSceneNode.obj
         Release\ModelSceneNode.obj
         Release\SceneNode.obj
         Release\SkeletonClass.obj
         Release\Utils.obj
         Generating code
         Finished generating code
         SkeletonProject.vcxproj -> C:\Users\johnathan.omalia\Desktop\GraphicsII-Projects22222\trunk\SkeletonProject\Release\SkeletonProject.exe
     1>Done Building Project "C:\Users\johnathan.omalia\Desktop\GraphicsII-Projects22222\trunk\SkeletonProject\SkeletonProject.vcxproj" (Build target(s)).

Build succeeded.

Time Elapsed 00:00:03.13
